<?xml version="1.0" encoding="UTF-8"?>
<!-- Generated by org.testng.reporters.JUnitReportReporter -->
<testsuite hostname="Vanithamanis-MacBook-Pro.local" failures="0" tests="1" name="SeleniumEnd2EndProject.Rahulshetty.ValidatingNavigation" time="2.961" errors="0" timestamp="2022-04-28T15:58:39 IST" skipped="0">
  <testcase classname="SeleniumEnd2EndProject.Rahulshetty.ValidatingNavigation" name="validatingNavOptions" time="2.961"/>
  <system-out/>
</testsuite> <!-- SeleniumEnd2EndProject.Rahulshetty.ValidatingNavigation -->
