<?xml version="1.0" encoding="UTF-8"?>
<!-- Generated by org.testng.reporters.JUnitReportReporter -->
<testsuite hostname="Vanithamanis-MacBook-Pro.local" failures="0" tests="1" name="SeleniumEnd2EndProject.Rahulshetty.ValidatingCenterText" time="2.384" errors="0" timestamp="2022-04-28T15:58:39 IST" skipped="0">
  <testcase classname="SeleniumEnd2EndProject.Rahulshetty.ValidatingCenterText" name="validatingHomeText" time="2.384"/>
  <system-out/>
</testsuite> <!-- SeleniumEnd2EndProject.Rahulshetty.ValidatingCenterText -->
