<?xml version="1.0" encoding="UTF-8"?>
<!-- Generated by org.testng.reporters.JUnitReportReporter -->
<testsuite hostname="Vanithamanis-MacBook-Pro.local" failures="0" tests="2" name="SeleniumEnd2EndProject.Rahulshetty.HomePage" time="1.329" errors="0" timestamp="2022-04-28T15:58:39 IST" skipped="0">
  <testcase classname="SeleniumEnd2EndProject.Rahulshetty.HomePage" name="loginPage" time="1.009"/>
  <system-out/>
  <testcase classname="SeleniumEnd2EndProject.Rahulshetty.HomePage" name="loginPage" time="0.320"/>
  <system-out/>
</testsuite> <!-- SeleniumEnd2EndProject.Rahulshetty.HomePage -->
